graph Infovis {
  node [label="", shape=box,];
 node [fixedsize=true]
 "0"[width="0.2638888888888889",height="0.17469618055555555",];
 "1"[width="0.20833333333333334",height="0.17469618055555555",];
 "2"[width="0.6805555555555556",height="0.17469618055555555",];
 "3"[width="0.4027777777777778",height="0.17469618055555555",];
 "4"[width="0.4166666666666667",height="0.17469618055555555",];
 "5"[width="0.5277777777777778",height="0.17469618055555555",];
 "6"[width="0.5416666666666666",height="0.17469618055555555",];
 "7"[width="0.5833333333333334",height="0.17469618055555555",];
 "8"[width="0.6666666666666666",height="0.17469618055555555",];
 "9"[width="0.4027777777777778",height="0.17469618055555555",];
 "10"[width="0.5416666666666666",height="0.17469618055555555",];
 "11"[width="0.4583333333333333",height="0.17469618055555555",];
 "12"[width="0.3611111111111111",height="0.17469618055555555",];
 "13"[width="0.3333333333333333",height="0.17469618055555555",];
 "14"[width="0.3472222222222222",height="0.17469618055555555",];
 "15"[width="0.3611111111111111",height="0.17469618055555555",];
 "16"[width="0.4722222222222222",height="0.17469618055555555",];
 "17"[width="0.6527777777777778",height="0.17469618055555555",];
 "18"[width="0.4027777777777778",height="0.17469618055555555",];
 "19"[width="0.2916666666666667",height="0.17469618055555555",];
 "20"[width="0.2916666666666667",height="0.17469618055555555",];
 "21"[width="0.3472222222222222",height="0.17469618055555555",];
 "22"[width="0.4444444444444444",height="0.17469618055555555",];
 "23"[width="0.7083333333333334",height="0.17469618055555555",];
 "24"[width="0.3472222222222222",height="0.17469618055555555",];
 "25"[width="0.4305555555555556",height="0.17469618055555555",];
 "26"[width="0.4722222222222222",height="0.17469618055555555",];
 "27"[width="0.4861111111111111",height="0.17469618055555555",];
 "28"[width="0.4583333333333333",height="0.17469618055555555",];
 "29"[width="0.4722222222222222",height="0.17469618055555555",];
 "30"[width="0.3333333333333333",height="0.17469618055555555",];
 "31"[width="0.2916666666666667",height="0.17469618055555555",];
 "32"[width="0.375",height="0.17469618055555555",];
 "33"[width="0.4305555555555556",height="0.17469618055555555",];
 "34"[width="0.4166666666666667",height="0.17469618055555555",];
 "35"[width="0.9305555555555556",height="0.17469618055555555",];
 "36"[width="0.4305555555555556",height="0.17469618055555555",];
 "37"[width="0.4444444444444444",height="0.17469618055555555",];
 "38"[width="0.9583333333333334",height="0.17469618055555555",];
 "39"[width="0.2916666666666667",height="0.17469618055555555",];
 "40"[width="0.2361111111111111",height="0.17469618055555555",];
 "41"[width="0.6666666666666666",height="0.17469618055555555",];
 "42"[width="0.3333333333333333",height="0.17469618055555555",];
 "43"[width="0.3333333333333333",height="0.17469618055555555",];
 "44"[width="0.4305555555555556",height="0.17469618055555555",];
 "45"[width="0.20833333333333334",height="0.17469618055555555",];
 "46"[width="0.2916666666666667",height="0.17469618055555555",];
 "47"[width="0.375",height="0.17469618055555555",];
 "48"[width="0.5138888888888888",height="0.17469618055555555",];
 "49"[width="0.4027777777777778",height="0.17469618055555555",];
 "50"[width="0.4166666666666667",height="0.17469618055555555",];
 "51"[width="0.2916666666666667",height="0.17469618055555555",];
 "52"[width="0.5694444444444444",height="0.17469618055555555",];
 "53"[width="0.2638888888888889",height="0.17469618055555555",];
 "54"[width="0.3194444444444444",height="0.17469618055555555",];
 "55"[width="0.5833333333333334",height="0.17469618055555555",];
 "56"[width="0.4166666666666667",height="0.17469618055555555",];
 "57"[width="0.7638888888888888",height="0.17469618055555555",];
 "58"[width="0.5833333333333334",height="0.17469618055555555",];
 "59"[width="0.375",height="0.17469618055555555",];
 "60"[width="0.5416666666666666",height="0.17469618055555555",];
 "61"[width="0.5833333333333334",height="0.17469618055555555",];
 "62"[width="0.4027777777777778",height="0.17469618055555555",];
 "63"[width="0.2916666666666667",height="0.17469618055555555",];
 "64"[width="0.4027777777777778",height="0.17469618055555555",];
 "65"[width="0.3333333333333333",height="0.17469618055555555",];
 "66"[width="0.5",height="0.17469618055555555",];
 "67"[width="0.4583333333333333",height="0.17469618055555555",];
 "68"[width="0.4166666666666667",height="0.17469618055555555",];
 "69"[width="0.4583333333333333",height="0.17469618055555555",];
 "70"[width="0.4305555555555556",height="0.17469618055555555",];
 "71"[width="0.4027777777777778",height="0.17469618055555555",];
 "72"[width="0.4027777777777778",height="0.17469618055555555",];
 "73"[width="0.4583333333333333",height="0.17469618055555555",];
 "74"[width="0.5694444444444444",height="0.17469618055555555",];
 "75"[width="0.4861111111111111",height="0.17469618055555555",];
 "76"[width="0.3194444444444444",height="0.17469618055555555",];
 "77"[width="0.2916666666666667",height="0.17469618055555555",];
 "78"[width="0.6944444444444444",height="0.17469618055555555",];
 "79"[width="0.4027777777777778",height="0.17469618055555555",];
 "80"[width="0.8888888888888888",height="0.17469618055555555",];
 "81"[width="0.5277777777777778",height="0.17469618055555555",];
 "82"[width="0.3055555555555556",height="0.17469618055555555",];
 "83"[width="0.4166666666666667",height="0.17469618055555555",];
 "84"[width="0.5694444444444444",height="0.17469618055555555",];
 "85"[width="0.3611111111111111",height="0.17469618055555555",];
 "86"[width="0.5138888888888888",height="0.17469618055555555",];
 "87"[width="0.3888888888888889",height="0.17469618055555555",];
 "88"[width="0.6111111111111112",height="0.17469618055555555",];
 "89"[width="0.2916666666666667",height="0.17469618055555555",];
 "90"[width="0.3472222222222222",height="0.17469618055555555",];
 "91"[width="0.3055555555555556",height="0.17469618055555555",];
 "92"[width="0.2916666666666667",height="0.17469618055555555",];
 "93"[width="0.25",height="0.17469618055555555",];
 "94"[width="0.3194444444444444",height="0.17469618055555555",];
 "95"[width="0.375",height="0.17469618055555555",];
 "96"[width="0.3055555555555556",height="0.17469618055555555",];
 "97"[width="0.5",height="0.17469618055555555",];
 "98"[width="0.6944444444444444",height="0.17469618055555555",];
 "99"[width="0.2916666666666667",height="0.17469618055555555",];
 "100"[width="0.5277777777777778",height="0.17469618055555555",];
 "101"[width="0.5694444444444444",height="0.17469618055555555",];
 "102"[width="0.5277777777777778",height="0.17469618055555555",];
 "103"[width="0.375",height="0.17469618055555555",];
 "104"[width="0.8472222222222222",height="0.17469618055555555",];
 "105"[width="0.2777777777777778",height="0.17469618055555555",];
 "106"[width="0.4722222222222222",height="0.17469618055555555",];
 "107"[width="0.2638888888888889",height="0.17469618055555555",];
 "108"[width="0.375",height="0.17469618055555555",];
 "109"[width="0.3472222222222222",height="0.17469618055555555",];
 "110"[width="0.4027777777777778",height="0.17469618055555555",];
 "111"[width="0.4027777777777778",height="0.17469618055555555",];
 "112"[width="0.3194444444444444",height="0.17469618055555555",];
 "113"[width="0.4305555555555556",height="0.17469618055555555",];
 "114"[width="0.6944444444444444",height="0.17469618055555555",];
 "115"[width="0.5833333333333334",height="0.17469618055555555",];
 "116"[width="0.8333333333333334",height="0.17469618055555555",];
 "117"[width="0.3333333333333333",height="0.17469618055555555",];
 "118"[width="0.5138888888888888",height="0.17469618055555555",];
 "119"[width="0.3194444444444444",height="0.17469618055555555",];
 "120"[width="0.3194444444444444",height="0.17469618055555555",];
 "121"[width="0.2916666666666667",height="0.17469618055555555",];
 "122"[width="0.375",height="0.17469618055555555",];
 "123"[width="0.4027777777777778",height="0.17469618055555555",];
 "124"[width="0.2222222222222222",height="0.17469618055555555",];
 "125"[width="0.25",height="0.17469618055555555",];
 "126"[width="0.19444444444444445",height="0.17469618055555555",];
 "127"[width="0.4027777777777778",height="0.17469618055555555",];
 "128"[width="0.6111111111111112",height="0.17469618055555555",];
 "0"--"1";
 "0"--"2";
 "0"--"3";
 "0"--"4";
 "0"--"5";
 "0"--"6";
 "0"--"7";
 "0"--"8";
 "0"--"9";
 "0"--"10";
 "0"--"11";
 "0"--"12";
 "0"--"13";
 "0"--"14";
 "0"--"15";
 "0"--"16";
 "0"--"17";
 "0"--"18";
 "0"--"19";
 "0"--"20";
 "1"--"4";
 "1"--"7";
 "1"--"9";
 "2"--"4";
 "2"--"7";
 "2"--"9";
 "2"--"16";
 "3"--"24";
 "3"--"22";
 "3"--"23";
 "3"--"24";
 "3"--"25";
 "3"--"16";
 "4"--"7";
 "4"--"9";
 "5"--"13";
 "6"--"7";
 "6"--"9";
 "6"--"27";
 "7"--"9";
 "7"--"13";
 "7"--"14";
 "7"--"28";
 "7"--"16";
 "7"--"17";
 "7"--"16";
 "7"--"20";
 "9"--"30";
 "9"--"16";
 "9"--"16";
 "10"--"11";
 "10"--"31";
 "10"--"32";
 "12"--"33";
 "12"--"18";
 "13"--"34";
 "13"--"35";
 "13"--"36";
 "13"--"37";
 "13"--"38";
 "13"--"39";
 "13"--"40";
 "13"--"41";
 "13"--"42";
 "13"--"43";
 "13"--"44";
 "1"--"13";
 "13"--"46";
 "13"--"14";
 "13"--"17";
 "13"--"20";
 "14"--"47";
 "14"--"48";
 "3"--"14";
 "14"--"50";
 "14"--"51";
 "14"--"52";
 "14"--"53";
 "14"--"54";
 "14"--"55";
 "14"--"56";
 "14"--"57";
 "14"--"58";
 "14"--"59";
 "14"--"60";
 "14"--"55";
 "14"--"62";
 "14"--"63";
 "14"--"62";
 "14"--"15";
 "14"--"17";
 "14"--"20";
 "15"--"65";
 "15"--"58";
 "15"--"59";
 "15"--"66";
 "16"--"67";
 "16"--"68";
 "17"--"69";
 "17"--"70";
 "17"--"62";
 "17"--"72";
 "17"--"69";
 "17"--"74";
 "17"--"75";
 "17"--"76";
 "17"--"77";
 "17"--"78";
 "17"--"79";
 "17"--"80";
 "18"--"19";
 "19"--"44";
 "1"--"19";
 "19"--"81";
 "19"--"82";
 "19"--"83";
 "19"--"52";
 "19"--"85";
 "19"--"86";
 "19"--"87";
 "19"--"88";
 "19"--"92";
 "19"--"24";
 "19"--"91";
 "19"--"92";
 "19"--"93";
 "19"--"94";
 "19"--"95";
 "19"--"96";
 "19"--"97";
 "19"--"98";
 "19"--"99";
 "19"--"100";
 "19"--"52";
 "19"--"102";
 "19"--"103";
 "19"--"104";
 "19"--"105";
 "19"--"106";
 "19"--"107";
 "19"--"108";
 "19"--"109";
 "19"--"72";
 "19"--"111";
 "19"--"76";
 "19"--"113";
 "19"--"78";
 "19"--"115";
 "19"--"116";
 "19"--"117";
 "19"--"118";
 "19"--"119";
 "19"--"76";
 "19"--"121";
 "20"--"47";
 "20"--"123";
 "20"--"124";
 "20"--"125";
 "20"--"126";
 "20"--"62";
 "20"--"128";
}
